Connecting to database specified by database.yml
Connecting to database specified by database.yml
Connecting to database specified by database.yml
Connecting to database specified by database.yml
  [1m[36m (0.2ms)[0m  [1mselect sqlite_version(*)[0m
  [1m[35m (1.7ms)[0m  CREATE TABLE "schema_migrations" ("version" varchar(255) NOT NULL) 
  [1m[36m (0.1ms)[0m  [1mPRAGMA index_list("schema_migrations")[0m
  [1m[35m (1.6ms)[0m  CREATE UNIQUE INDEX "unique_schema_migrations" ON "schema_migrations" ("version")
  [1m[36m (0.2ms)[0m  [1mSELECT "schema_migrations"."version" FROM "schema_migrations" [0m
Migrating to DeviseCreateUsers (20121026020223)
  [1m[35m (0.1ms)[0m  begin transaction
  [1m[36m (0.7ms)[0m  [1mCREATE TABLE "users" ("id" INTEGER PRIMARY KEY AUTOINCREMENT NOT NULL, "email" varchar(255) DEFAULT '' NOT NULL, "encrypted_password" varchar(255) DEFAULT '' NOT NULL, "reset_password_token" varchar(255), "reset_password_sent_at" datetime, "remember_created_at" datetime, "sign_in_count" integer DEFAULT 0, "current_sign_in_at" datetime, "last_sign_in_at" datetime, "current_sign_in_ip" varchar(255), "last_sign_in_ip" varchar(255), "created_at" datetime NOT NULL, "updated_at" datetime NOT NULL) [0m
  [1m[35m (0.1ms)[0m  PRAGMA index_list("users")
  [1m[36m (0.5ms)[0m  [1mCREATE UNIQUE INDEX "index_users_on_email" ON "users" ("email")[0m
  [1m[35m (0.0ms)[0m  PRAGMA index_list("users")
  [1m[36m (0.0ms)[0m  [1mPRAGMA index_info('index_users_on_email')[0m
  [1m[35m (0.2ms)[0m  CREATE UNIQUE INDEX "index_users_on_reset_password_token" ON "users" ("reset_password_token")
  [1m[36m (0.1ms)[0m  [1mINSERT INTO "schema_migrations" ("version") VALUES ('20121026020223')[0m
  [1m[35m (1.7ms)[0m  commit transaction
Migrating to CreateRailsAdminHistoriesTable (20121026020224)
  [1m[36m (0.1ms)[0m  [1mbegin transaction[0m
  [1m[35m (0.6ms)[0m  CREATE TABLE "rails_admin_histories" ("id" INTEGER PRIMARY KEY AUTOINCREMENT NOT NULL, "message" text, "username" varchar(255), "item" integer, "table" varchar(255), "month" integer(2), "year" integer(5), "created_at" datetime NOT NULL, "updated_at" datetime NOT NULL) 
  [1m[36m (0.0ms)[0m  [1mPRAGMA index_list("rails_admin_histories")[0m
  [1m[35m (0.2ms)[0m  CREATE INDEX "index_rails_admin_histories" ON "rails_admin_histories" ("item", "table", "month", "year")
  [1m[36m (0.1ms)[0m  [1mINSERT INTO "schema_migrations" ("version") VALUES ('20121026020224')[0m
  [1m[35m (1.4ms)[0m  commit transaction
  [1m[36m (0.5ms)[0m  [1mselect sqlite_version(*)[0m
  [1m[35m (0.2ms)[0m  SELECT "schema_migrations"."version" FROM "schema_migrations" 
  [1m[36m (0.1ms)[0m  [1mPRAGMA index_list("rails_admin_histories")[0m
  [1m[35m (0.3ms)[0m  PRAGMA index_info('index_rails_admin_histories')
  [1m[36m (0.0ms)[0m  [1mPRAGMA index_list("users")[0m
  [1m[35m (0.1ms)[0m  PRAGMA index_info('index_users_on_reset_password_token')
  [1m[36m (0.0ms)[0m  [1mPRAGMA index_info('index_users_on_email')[0m
Connecting to database specified by database.yml


Started GET "/admin/task" for 127.0.0.1 at 2012-10-25 21:03:28 -0500
Processing by RailsAdmin::MainController#index as HTML
  Parameters: {"model_name"=>"task"}
Completed 401 Unauthorized in 1ms


Started GET "/users/sign_in" for 127.0.0.1 at 2012-10-25 21:03:28 -0500
Processing by Devise::SessionsController#new as HTML
  Rendered /Users/rollinsb/.rvm/gems/ruby-1.9.3-p194/gems/devise-2.1.2/app/views/devise/shared/_links.erb (2.1ms)
  Rendered /Users/rollinsb/.rvm/gems/ruby-1.9.3-p194/gems/devise-2.1.2/app/views/devise/sessions/new.html.erb within layouts/application (16.8ms)
Compiled application.css  (0ms)  (pid 54808)
Compiled jquery.js  (4ms)  (pid 54808)
Compiled jquery_ujs.js  (1ms)  (pid 54808)
Compiled application.js  (63ms)  (pid 54808)
Completed 200 OK in 349ms (Views: 255.5ms | ActiveRecord: 5.2ms)


Started GET "/admin/" for 127.0.0.1 at 2012-10-25 21:03:28 -0500
Processing by RailsAdmin::MainController#dashboard as HTML
Completed 401 Unauthorized in 1ms


Started GET "/users/sign_in" for 127.0.0.1 at 2012-10-25 21:03:28 -0500
Processing by Devise::SessionsController#new as HTML
  Rendered /Users/rollinsb/.rvm/gems/ruby-1.9.3-p194/gems/devise-2.1.2/app/views/devise/shared/_links.erb (0.5ms)
  Rendered /Users/rollinsb/.rvm/gems/ruby-1.9.3-p194/gems/devise-2.1.2/app/views/devise/sessions/new.html.erb within layouts/application (4.6ms)
Completed 200 OK in 12ms (Views: 11.0ms | ActiveRecord: 0.0ms)


Started GET "/assets/application.css?body=1" for 127.0.0.1 at 2012-10-25 21:03:29 -0500
Served asset /application.css - 200 OK (2ms)


Started GET "/assets/jquery.js?body=1" for 127.0.0.1 at 2012-10-25 21:03:29 -0500
Served asset /jquery.js - 200 OK (9ms)


Started GET "/assets/application.js?body=1" for 127.0.0.1 at 2012-10-25 21:03:29 -0500
Served asset /application.js - 200 OK (59ms)


Started GET "/assets/jquery_ujs.js?body=1" for 127.0.0.1 at 2012-10-25 21:03:29 -0500
Served asset /jquery_ujs.js - 200 OK (6ms)


Started GET "/admin/" for 127.0.0.1 at 2012-10-25 21:03:29 -0500
Processing by RailsAdmin::MainController#dashboard as HTML
Completed 401 Unauthorized in 0ms


Started GET "/users/sign_in" for 127.0.0.1 at 2012-10-25 21:03:29 -0500
Processing by Devise::SessionsController#new as HTML
  Rendered /Users/rollinsb/.rvm/gems/ruby-1.9.3-p194/gems/devise-2.1.2/app/views/devise/shared/_links.erb (0.5ms)
  Rendered /Users/rollinsb/.rvm/gems/ruby-1.9.3-p194/gems/devise-2.1.2/app/views/devise/sessions/new.html.erb within layouts/application (4.4ms)
Completed 200 OK in 11ms (Views: 10.6ms | ActiveRecord: 0.0ms)


Started GET "/assets/application.js?body=1" for 127.0.0.1 at 2012-10-25 21:03:29 -0500
Served asset /application.js - 304 Not Modified (0ms)


Started GET "/assets/application.css?body=1" for 127.0.0.1 at 2012-10-25 21:03:29 -0500
Served asset /application.css - 304 Not Modified (0ms)


Started GET "/assets/jquery.js?body=1" for 127.0.0.1 at 2012-10-25 21:03:29 -0500
Served asset /jquery.js - 304 Not Modified (0ms)


Started GET "/assets/jquery_ujs.js?body=1" for 127.0.0.1 at 2012-10-25 21:03:29 -0500
Served asset /jquery_ujs.js - 304 Not Modified (0ms)


Started GET "/users/sign_up" for 127.0.0.1 at 2012-10-25 21:03:43 -0500
Processing by Devise::RegistrationsController#new as HTML
  Rendered /Users/rollinsb/.rvm/gems/ruby-1.9.3-p194/gems/devise-2.1.2/app/views/devise/shared/_links.erb (0.7ms)
  Rendered /Users/rollinsb/.rvm/gems/ruby-1.9.3-p194/gems/devise-2.1.2/app/views/devise/registrations/new.html.erb within layouts/application (5.7ms)
Completed 200 OK in 15ms (Views: 13.3ms | ActiveRecord: 0.0ms)


Started GET "/assets/application.css?body=1" for 127.0.0.1 at 2012-10-25 21:03:43 -0500
Served asset /application.css - 304 Not Modified (0ms)


Started GET "/assets/jquery.js?body=1" for 127.0.0.1 at 2012-10-25 21:03:43 -0500
Served asset /jquery.js - 304 Not Modified (0ms)


Started GET "/assets/application.js?body=1" for 127.0.0.1 at 2012-10-25 21:03:43 -0500
Served asset /application.js - 304 Not Modified (1ms)


Started GET "/assets/jquery_ujs.js?body=1" for 127.0.0.1 at 2012-10-25 21:03:43 -0500
Served asset /jquery_ujs.js - 304 Not Modified (0ms)


Started POST "/users" for 127.0.0.1 at 2012-10-25 21:04:12 -0500
Processing by Devise::RegistrationsController#create as HTML
  Parameters: {"utf8"=>"✓", "authenticity_token"=>"cLE9kqcF5hXx7rl7tGCBcyrZLW7Jc2c7rPqvF7lXwjw=", "user"=>{"email"=>"brianvmf@gmail.com", "password"=>"[FILTERED]", "password_confirmation"=>"[FILTERED]"}, "commit"=>"Sign up"}
  [1m[36m (0.1ms)[0m  [1mbegin transaction[0m
  [1m[35mUser Exists (0.2ms)[0m  SELECT 1 AS one FROM "users" WHERE "users"."email" = 'brianvmf@gmail.com' LIMIT 1
Binary data inserted for `string` type on column `encrypted_password`
  [1m[36mSQL (40.2ms)[0m  [1mINSERT INTO "users" ("created_at", "current_sign_in_at", "current_sign_in_ip", "email", "encrypted_password", "last_sign_in_at", "last_sign_in_ip", "remember_created_at", "reset_password_sent_at", "reset_password_token", "sign_in_count", "updated_at") VALUES (?, ?, ?, ?, ?, ?, ?, ?, ?, ?, ?, ?)[0m  [["created_at", Fri, 26 Oct 2012 02:04:12 UTC +00:00], ["current_sign_in_at", nil], ["current_sign_in_ip", nil], ["email", "brianvmf@gmail.com"], ["encrypted_password", "$2a$10$9MG.I6gveLZDgSAZbZN3mO4.LPJKJmrYtyze42cGibJCfaShIOTdG"], ["last_sign_in_at", nil], ["last_sign_in_ip", nil], ["remember_created_at", nil], ["reset_password_sent_at", nil], ["reset_password_token", nil], ["sign_in_count", 0], ["updated_at", Fri, 26 Oct 2012 02:04:12 UTC +00:00]]
  [1m[35m (1.6ms)[0m  commit transaction
  [1m[36m (0.1ms)[0m  [1mbegin transaction[0m
  [1m[35m (0.5ms)[0m  UPDATE "users" SET "last_sign_in_at" = '2012-10-26 02:04:12.518655', "current_sign_in_at" = '2012-10-26 02:04:12.518655', "last_sign_in_ip" = '127.0.0.1', "current_sign_in_ip" = '127.0.0.1', "sign_in_count" = 1, "updated_at" = '2012-10-26 02:04:12.519712' WHERE "users"."id" = 1
  [1m[36m (1.3ms)[0m  [1mcommit transaction[0m
Redirected to http://localhost:3000/admin/
Completed 302 Found in 261ms (ActiveRecord: 0.0ms)


Started GET "/admin/" for 127.0.0.1 at 2012-10-25 21:04:12 -0500
Processing by RailsAdmin::MainController#dashboard as HTML
  [1m[35mUser Load (2.5ms)[0m  SELECT "users".* FROM "users" WHERE "users"."id" = 1 LIMIT 1
  [1m[36m (0.2ms)[0m  [1mSELECT COUNT(*) FROM "users" [0m
  [1m[35mUser Load (0.3ms)[0m  SELECT "users".* FROM "users" ORDER BY updated_at desc LIMIT 1
  Rendered /Users/rollinsb/.rvm/gems/ruby-1.9.3-p194/gems/rails_admin-0.1.2/app/views/rails_admin/main/dashboard.html.haml within layouts/rails_admin/application (11.6ms)
Compiled rails_admin/imports.css  (5669ms)  (pid 54808)
Compiled rails_admin/rails_admin.css  (5686ms)  (pid 54808)
Compiled jquery.iframe-transport.js  (0ms)  (pid 54808)
Compiled jquery.remotipart.js  (11ms)  (pid 54808)
Compiled jquery.effects.core.js  (0ms)  (pid 54808)
Compiled jquery.ui.core.js  (2ms)  (pid 54808)
Compiled jquery.ui.widget.js  (0ms)  (pid 54808)
Compiled jquery.ui.mouse.js  (4ms)  (pid 54808)
Compiled jquery.ui.sortable.js  (95ms)  (pid 54808)
Compiled jquery.ui.position.js  (0ms)  (pid 54808)
Compiled jquery.ui.autocomplete.js  (14ms)  (pid 54808)
Compiled jquery.ui.datepicker.js  (2ms)  (pid 54808)
Compiled rails_admin/jquery.ui.timepicker.js  (1ms)  (pid 54808)
Compiled rails_admin/ra.datetimepicker.js  (0ms)  (pid 54808)
Compiled rails_admin/jquery.colorpicker.js  (0ms)  (pid 54808)
Compiled rails_admin/ra.filter-box.js  (0ms)  (pid 54808)
Compiled rails_admin/ra.filtering-multiselect.js  (0ms)  (pid 54808)
Compiled rails_admin/ra.filtering-select.js  (1ms)  (pid 54808)
Compiled rails_admin/ra.remote-form.js  (0ms)  (pid 54808)
Compiled rails_admin/jquery.pjax.js  (0ms)  (pid 54808)
Compiled jquery_nested_form.js  (0ms)  (pid 54808)
Compiled rails_admin/ra.nested-form-hooks.js  (239ms)  (pid 54808)
Compiled bootstrap-transition.js  (0ms)  (pid 54808)
Compiled bootstrap-affix.js  (0ms)  (pid 54808)
Compiled bootstrap-alert.js  (0ms)  (pid 54808)
Compiled bootstrap-button.js  (0ms)  (pid 54808)
Compiled bootstrap-carousel.js  (0ms)  (pid 54808)
Compiled bootstrap-collapse.js  (0ms)  (pid 54808)
Compiled bootstrap-dropdown.js  (0ms)  (pid 54808)
Compiled bootstrap-modal.js  (0ms)  (pid 54808)
Compiled bootstrap-scrollspy.js  (0ms)  (pid 54808)
Compiled bootstrap-tab.js  (0ms)  (pid 54808)
Compiled bootstrap-tooltip.js  (0ms)  (pid 54808)
Compiled bootstrap-popover.js  (0ms)  (pid 54808)
Compiled bootstrap-typeahead.js  (0ms)  (pid 54808)
Compiled bootstrap.js  (245ms)  (pid 54808)
Compiled rails_admin/ra.widgets.js  (524ms)  (pid 54808)
Compiled rails_admin/ui.js  (169ms)  (pid 54808)
Compiled rails_admin/themes/default/ui.js  (0ms)  (pid 54808)
Compiled rails_admin/custom/ui.js  (0ms)  (pid 54808)
Compiled rails_admin/rails_admin.js  (1684ms)  (pid 54808)
  Rendered /Users/rollinsb/.rvm/gems/ruby-1.9.3-p194/gems/rails_admin-0.1.2/app/views/layouts/rails_admin/_secondary_navigation.html.haml (7.0ms)
  Rendered /Users/rollinsb/.rvm/gems/ruby-1.9.3-p194/gems/rails_admin-0.1.2/app/views/layouts/rails_admin/pjax.html.haml (7.2ms)
Completed 200 OK in 7720ms (Views: 7690.1ms | ActiveRecord: 2.9ms)


Started GET "/assets/rails_admin/imports.css?body=1" for 127.0.0.1 at 2012-10-25 21:04:20 -0500
Served asset /rails_admin/imports.css - 200 OK (13ms)


Started GET "/assets/jquery.ui.widget.js?body=1" for 127.0.0.1 at 2012-10-25 21:04:20 -0500
Served asset /jquery.ui.widget.js - 200 OK (3ms)


Started GET "/assets/jquery.remotipart.js?body=1" for 127.0.0.1 at 2012-10-25 21:04:20 -0500
Served asset /jquery.remotipart.js - 200 OK (6ms)


Started GET "/assets/jquery.effects.core.js?body=1" for 127.0.0.1 at 2012-10-25 21:04:20 -0500
Served asset /jquery.effects.core.js - 200 OK (6ms)


Started GET "/assets/rails_admin/rails_admin.css?body=1" for 127.0.0.1 at 2012-10-25 21:04:20 -0500
Served asset /rails_admin/rails_admin.css - 200 OK (19ms)


Started GET "/assets/jquery.iframe-transport.js?body=1" for 127.0.0.1 at 2012-10-25 21:04:20 -0500
Served asset /jquery.iframe-transport.js - 200 OK (5ms)


Started GET "/assets/jquery.ui.core.js?body=1" for 127.0.0.1 at 2012-10-25 21:04:20 -0500
Served asset /jquery.ui.core.js - 200 OK (65ms)


Started GET "/assets/jquery.ui.mouse.js?body=1" for 127.0.0.1 at 2012-10-25 21:04:20 -0500
Served asset /jquery.ui.mouse.js - 200 OK (9ms)


Started GET "/assets/jquery.ui.sortable.js?body=1" for 127.0.0.1 at 2012-10-25 21:04:20 -0500
Served asset /jquery.ui.sortable.js - 200 OK (14ms)


Started GET "/assets/jquery.ui.autocomplete.js?body=1" for 127.0.0.1 at 2012-10-25 21:04:20 -0500
Served asset /jquery.ui.autocomplete.js - 200 OK (27ms)


Started GET "/assets/jquery.ui.position.js?body=1" for 127.0.0.1 at 2012-10-25 21:04:20 -0500
Served asset /jquery.ui.position.js - 200 OK (4ms)


Started GET "/assets/rails_admin/ra.filtering-multiselect.js?body=1" for 127.0.0.1 at 2012-10-25 21:04:20 -0500
Served asset /rails_admin/ra.filtering-multiselect.js - 200 OK (4ms)


Started GET "/assets/rails_admin/jquery.ui.timepicker.js?body=1" for 127.0.0.1 at 2012-10-25 21:04:20 -0500
Served asset /rails_admin/jquery.ui.timepicker.js - 200 OK (3ms)


Started GET "/assets/rails_admin/ra.datetimepicker.js?body=1" for 127.0.0.1 at 2012-10-25 21:04:20 -0500
Served asset /rails_admin/ra.datetimepicker.js - 200 OK (2ms)


Started GET "/assets/rails_admin/jquery.colorpicker.js?body=1" for 127.0.0.1 at 2012-10-25 21:04:20 -0500
Served asset /rails_admin/jquery.colorpicker.js - 200 OK (3ms)


Started GET "/assets/jquery.ui.datepicker.js?body=1" for 127.0.0.1 at 2012-10-25 21:04:20 -0500
Served asset /jquery.ui.datepicker.js - 200 OK (13ms)


Started GET "/assets/rails_admin/ra.filter-box.js?body=1" for 127.0.0.1 at 2012-10-25 21:04:20 -0500
Served asset /rails_admin/ra.filter-box.js - 200 OK (6ms)


Started GET "/assets/jquery_nested_form.js?body=1" for 127.0.0.1 at 2012-10-25 21:04:20 -0500
Served asset /jquery_nested_form.js - 200 OK (3ms)


Started GET "/assets/rails_admin/ra.remote-form.js?body=1" for 127.0.0.1 at 2012-10-25 21:04:20 -0500
Served asset /rails_admin/ra.remote-form.js - 200 OK (5ms)


Started GET "/assets/rails_admin/jquery.pjax.js?body=1" for 127.0.0.1 at 2012-10-25 21:04:20 -0500
Served asset /rails_admin/jquery.pjax.js - 200 OK (3ms)


Started GET "/assets/rails_admin/ra.filtering-select.js?body=1" for 127.0.0.1 at 2012-10-25 21:04:20 -0500
Served asset /rails_admin/ra.filtering-select.js - 200 OK (5ms)


Started GET "/assets/rails_admin/ra.nested-form-hooks.js?body=1" for 127.0.0.1 at 2012-10-25 21:04:20 -0500
Served asset /rails_admin/ra.nested-form-hooks.js - 200 OK (3ms)


Started GET "/assets/bootstrap-affix.js?body=1" for 127.0.0.1 at 2012-10-25 21:04:20 -0500
Served asset /bootstrap-affix.js - 200 OK (75ms)


Started GET "/assets/bootstrap-transition.js?body=1" for 127.0.0.1 at 2012-10-25 21:04:20 -0500
Served asset /bootstrap-transition.js - 200 OK (5ms)


Started GET "/assets/bootstrap-alert.js?body=1" for 127.0.0.1 at 2012-10-25 21:04:20 -0500
Served asset /bootstrap-alert.js - 200 OK (5ms)


Started GET "/assets/bootstrap-carousel.js?body=1" for 127.0.0.1 at 2012-10-25 21:04:20 -0500
Served asset /bootstrap-carousel.js - 200 OK (10ms)


Started GET "/assets/bootstrap-button.js?body=1" for 127.0.0.1 at 2012-10-25 21:04:20 -0500
Served asset /bootstrap-button.js - 200 OK (13ms)


Started GET "/assets/bootstrap-collapse.js?body=1" for 127.0.0.1 at 2012-10-25 21:04:21 -0500
Served asset /bootstrap-collapse.js - 200 OK (5ms)


Started GET "/assets/bootstrap-dropdown.js?body=1" for 127.0.0.1 at 2012-10-25 21:04:21 -0500
Served asset /bootstrap-dropdown.js - 200 OK (6ms)


Started GET "/assets/bootstrap-modal.js?body=1" for 127.0.0.1 at 2012-10-25 21:04:21 -0500
Served asset /bootstrap-modal.js - 200 OK (6ms)


Started GET "/assets/bootstrap-tab.js?body=1" for 127.0.0.1 at 2012-10-25 21:04:21 -0500
Served asset /bootstrap-tab.js - 200 OK (11ms)


Started GET "/assets/bootstrap-scrollspy.js?body=1" for 127.0.0.1 at 2012-10-25 21:04:21 -0500
Served asset /bootstrap-scrollspy.js - 200 OK (9ms)


Started GET "/assets/bootstrap-tooltip.js?body=1" for 127.0.0.1 at 2012-10-25 21:04:21 -0500
Served asset /bootstrap-tooltip.js - 200 OK (12ms)


Started GET "/assets/bootstrap-popover.js?body=1" for 127.0.0.1 at 2012-10-25 21:04:21 -0500
Served asset /bootstrap-popover.js - 200 OK (6ms)


Started GET "/assets/bootstrap.js?body=1" for 127.0.0.1 at 2012-10-25 21:04:21 -0500
Served asset /bootstrap.js - 200 OK (25ms)


Started GET "/assets/bootstrap-typeahead.js?body=1" for 127.0.0.1 at 2012-10-25 21:04:21 -0500
Served asset /bootstrap-typeahead.js - 200 OK (4ms)


Started GET "/assets/rails_admin/ui.js?body=1" for 127.0.0.1 at 2012-10-25 21:04:21 -0500
Served asset /rails_admin/ui.js - 200 OK (3ms)


Started GET "/assets/rails_admin/custom/ui.js?body=1" for 127.0.0.1 at 2012-10-25 21:04:21 -0500
Served asset /rails_admin/custom/ui.js - 200 OK (4ms)


Started GET "/assets/rails_admin/ra.widgets.js?body=1" for 127.0.0.1 at 2012-10-25 21:04:21 -0500
Served asset /rails_admin/ra.widgets.js - 200 OK (7ms)


Started GET "/assets/rails_admin/themes/default/ui.js?body=1" for 127.0.0.1 at 2012-10-25 21:04:21 -0500
Served asset /rails_admin/themes/default/ui.js - 200 OK (3ms)


Started GET "/assets/jquery_ujs.js?body=1" for 127.0.0.1 at 2012-10-25 21:04:21 -0500
Served asset /jquery_ujs.js - 304 Not Modified (0ms)


Started GET "/assets/rails_admin/rails_admin.js?body=1" for 127.0.0.1 at 2012-10-25 21:04:21 -0500
Served asset /rails_admin/rails_admin.js - 200 OK (50ms)


Started GET "/assets/jquery.js?body=1" for 127.0.0.1 at 2012-10-25 21:04:21 -0500
Served asset /jquery.js - 304 Not Modified (0ms)


Started GET "/assets/fontawesome-webfont.woff" for 127.0.0.1 at 2012-10-25 21:04:21 -0500
Served asset /fontawesome-webfont.woff - 200 OK (9ms)


Started GET "/admin/?_pjax=%5Bdata-pjax-container%5D" for 127.0.0.1 at 2012-10-25 21:04:50 -0500
Processing by RailsAdmin::MainController#dashboard as HTML
  Parameters: {"_pjax"=>"[data-pjax-container]"}
  [1m[36mUser Load (0.3ms)[0m  [1mSELECT "users".* FROM "users" WHERE "users"."id" = 1 LIMIT 1[0m
  [1m[35m (0.1ms)[0m  SELECT COUNT(*) FROM "users" 
  [1m[36mUser Load (0.3ms)[0m  [1mSELECT "users".* FROM "users" ORDER BY updated_at desc LIMIT 1[0m
  Rendered /Users/rollinsb/.rvm/gems/ruby-1.9.3-p194/gems/rails_admin-0.1.2/app/views/rails_admin/main/dashboard.html.haml within layouts/rails_admin/pjax (13.0ms)
Completed 200 OK in 36ms (Views: 30.8ms | ActiveRecord: 0.7ms)


Started GET "/admin/user?_pjax=%5Bdata-pjax-container%5D" for 127.0.0.1 at 2012-10-25 21:04:52 -0500
Processing by RailsAdmin::MainController#index as HTML
  Parameters: {"_pjax"=>"[data-pjax-container]", "model_name"=>"user"}
  [1m[35mUser Load (0.2ms)[0m  SELECT "users".* FROM "users" WHERE "users"."id" = 1 LIMIT 1
  [1m[36mUser Load (0.3ms)[0m  [1mSELECT "users".* FROM "users" ORDER BY users.id desc LIMIT 20 OFFSET 0[0m
  [1m[35m (0.2ms)[0m  SELECT COUNT(*) FROM "users" 
  Rendered /Users/rollinsb/.rvm/gems/ruby-1.9.3-p194/gems/rails_admin-0.1.2/app/views/rails_admin/main/index.html.haml within layouts/rails_admin/pjax (114.4ms)
Completed 200 OK in 134ms (Views: 124.1ms | ActiveRecord: 0.7ms)


Started GET "/assets/fontawesome-webfont.woff" for 127.0.0.1 at 2012-10-25 21:04:53 -0500
Served asset /fontawesome-webfont.woff - 304 Not Modified (0ms)
Connecting to database specified by database.yml
Connecting to database specified by database.yml
  [1m[36m (0.1ms)[0m  [1mSELECT "schema_migrations"."version" FROM "schema_migrations" [0m
Migrating to CreateCkeditorAssets (20121025211118)
  [1m[35m (0.0ms)[0m  select sqlite_version(*)
  [1m[36m (0.0ms)[0m  [1mbegin transaction[0m
  [1m[35m (0.7ms)[0m  CREATE TABLE "ckeditor_assets" ("id" INTEGER PRIMARY KEY AUTOINCREMENT NOT NULL, "data_file_name" varchar(255) NOT NULL, "data_content_type" varchar(255), "data_file_size" integer, "assetable_id" integer, "assetable_type" varchar(30), "type" varchar(30), "width" integer, "height" integer, "created_at" datetime NOT NULL, "updated_at" datetime NOT NULL) 
  [1m[36m (0.1ms)[0m  [1mPRAGMA index_list("ckeditor_assets")[0m
  [1m[35m (0.2ms)[0m  CREATE INDEX "idx_ckeditor_assetable_type" ON "ckeditor_assets" ("assetable_type", "type", "assetable_id")
  [1m[36m (0.0ms)[0m  [1mPRAGMA index_list("ckeditor_assets")[0m
  [1m[35m (0.0ms)[0m  PRAGMA index_info('idx_ckeditor_assetable_type')
  [1m[36m (0.2ms)[0m  [1mCREATE INDEX "idx_ckeditor_assetable" ON "ckeditor_assets" ("assetable_type", "assetable_id")[0m
  [1m[35m (0.2ms)[0m  INSERT INTO "schema_migrations" ("version") VALUES ('20121025211118')
  [1m[36m (2.0ms)[0m  [1mcommit transaction[0m
Migrating to DeviseCreateUsers (20121026020223)
Migrating to CreateRailsAdminHistoriesTable (20121026020224)
  [1m[35m (0.6ms)[0m  select sqlite_version(*)
  [1m[36m (0.1ms)[0m  [1mSELECT "schema_migrations"."version" FROM "schema_migrations" [0m
  [1m[35m (0.0ms)[0m  PRAGMA index_list("ckeditor_assets")
  [1m[36m (0.1ms)[0m  [1mPRAGMA index_info('idx_ckeditor_assetable')[0m
  [1m[35m (0.0ms)[0m  PRAGMA index_info('idx_ckeditor_assetable_type')
  [1m[36m (0.0ms)[0m  [1mPRAGMA index_list("rails_admin_histories")[0m
  [1m[35m (0.0ms)[0m  PRAGMA index_info('index_rails_admin_histories')
  [1m[36m (0.0ms)[0m  [1mPRAGMA index_list("users")[0m
  [1m[35m (0.1ms)[0m  PRAGMA index_info('index_users_on_reset_password_token')
  [1m[36m (0.0ms)[0m  [1mPRAGMA index_info('index_users_on_email')[0m
Connecting to database specified by database.yml


Started GET "/admin/user" for 127.0.0.1 at 2012-10-25 21:11:55 -0500
Processing by RailsAdmin::MainController#index as HTML
  Parameters: {"model_name"=>"user"}
  [1m[36mUser Load (0.3ms)[0m  [1mSELECT "users".* FROM "users" WHERE "users"."id" = 1 LIMIT 1[0m
  [1m[35mUser Load (0.3ms)[0m  SELECT "users".* FROM "users" ORDER BY users.id desc LIMIT 20 OFFSET 0
  [1m[36m (0.2ms)[0m  [1mSELECT COUNT(*) FROM "users" [0m
  Rendered /Users/rollinsb/.rvm/gems/ruby-1.9.3-p194/gems/rails_admin-0.1.2/app/views/rails_admin/main/index.html.haml within layouts/rails_admin/application (112.2ms)
  Rendered /Users/rollinsb/.rvm/gems/ruby-1.9.3-p194/gems/rails_admin-0.1.2/app/views/layouts/rails_admin/_secondary_navigation.html.haml (6.2ms)
  Rendered /Users/rollinsb/.rvm/gems/ruby-1.9.3-p194/gems/rails_admin-0.1.2/app/views/layouts/rails_admin/pjax.html.haml (12.0ms)
Completed 200 OK in 562ms (Views: 367.1ms | ActiveRecord: 3.8ms)


Started GET "/assets/rails_admin/rails_admin.css?body=1" for 127.0.0.1 at 2012-10-25 21:11:56 -0500
Served asset /rails_admin/rails_admin.css - 304 Not Modified (76ms)


Started GET "/assets/jquery.js?body=1" for 127.0.0.1 at 2012-10-25 21:11:56 -0500
Served asset /jquery.js - 304 Not Modified (7ms)


Started GET "/assets/jquery.iframe-transport.js?body=1" for 127.0.0.1 at 2012-10-25 21:11:56 -0500
Served asset /jquery.iframe-transport.js - 304 Not Modified (5ms)


Started GET "/assets/jquery_ujs.js?body=1" for 127.0.0.1 at 2012-10-25 21:11:56 -0500
Served asset /jquery_ujs.js - 304 Not Modified (6ms)


Started GET "/assets/jquery.remotipart.js?body=1" for 127.0.0.1 at 2012-10-25 21:11:56 -0500
Served asset /jquery.remotipart.js - 304 Not Modified (7ms)


Started GET "/assets/jquery.ui.core.js?body=1" for 127.0.0.1 at 2012-10-25 21:11:56 -0500
Served asset /jquery.ui.core.js - 304 Not Modified (12ms)


Started GET "/assets/jquery.effects.core.js?body=1" for 127.0.0.1 at 2012-10-25 21:11:56 -0500
Served asset /jquery.effects.core.js - 304 Not Modified (4ms)


Started GET "/assets/rails_admin/imports.css?body=1" for 127.0.0.1 at 2012-10-25 21:11:56 -0500
Served asset /rails_admin/imports.css - 304 Not Modified (18ms)


Started GET "/assets/jquery.ui.widget.js?body=1" for 127.0.0.1 at 2012-10-25 21:11:56 -0500
Served asset /jquery.ui.widget.js - 304 Not Modified (4ms)


Started GET "/assets/jquery.ui.mouse.js?body=1" for 127.0.0.1 at 2012-10-25 21:11:56 -0500
Served asset /jquery.ui.mouse.js - 304 Not Modified (9ms)


Started GET "/assets/jquery.ui.position.js?body=1" for 127.0.0.1 at 2012-10-25 21:11:56 -0500
Served asset /jquery.ui.position.js - 304 Not Modified (4ms)


Started GET "/assets/jquery.ui.datepicker.js?body=1" for 127.0.0.1 at 2012-10-25 21:11:56 -0500
Served asset /jquery.ui.datepicker.js - 304 Not Modified (129ms)


Started GET "/assets/jquery.ui.autocomplete.js?body=1" for 127.0.0.1 at 2012-10-25 21:11:56 -0500
Served asset /jquery.ui.autocomplete.js - 304 Not Modified (17ms)


Started GET "/assets/jquery.ui.sortable.js?body=1" for 127.0.0.1 at 2012-10-25 21:11:56 -0500
Served asset /jquery.ui.sortable.js - 304 Not Modified (11ms)


Started GET "/assets/rails_admin/jquery.ui.timepicker.js?body=1" for 127.0.0.1 at 2012-10-25 21:11:56 -0500
Served asset /rails_admin/jquery.ui.timepicker.js - 304 Not Modified (4ms)


Started GET "/assets/rails_admin/ra.remote-form.js?body=1" for 127.0.0.1 at 2012-10-25 21:11:56 -0500
Served asset /rails_admin/ra.remote-form.js - 304 Not Modified (3ms)


Started GET "/assets/rails_admin/jquery.pjax.js?body=1" for 127.0.0.1 at 2012-10-25 21:11:56 -0500
Served asset /rails_admin/jquery.pjax.js - 304 Not Modified (5ms)


Started GET "/assets/rails_admin/ra.filter-box.js?body=1" for 127.0.0.1 at 2012-10-25 21:11:56 -0500
Served asset /rails_admin/ra.filter-box.js - 304 Not Modified (3ms)


Started GET "/assets/rails_admin/ra.filtering-multiselect.js?body=1" for 127.0.0.1 at 2012-10-25 21:11:56 -0500
Served asset /rails_admin/ra.filtering-multiselect.js - 304 Not Modified (3ms)


Started GET "/assets/rails_admin/jquery.colorpicker.js?body=1" for 127.0.0.1 at 2012-10-25 21:11:56 -0500
Served asset /rails_admin/jquery.colorpicker.js - 304 Not Modified (4ms)


Started GET "/assets/rails_admin/ra.datetimepicker.js?body=1" for 127.0.0.1 at 2012-10-25 21:11:56 -0500
Served asset /rails_admin/ra.datetimepicker.js - 304 Not Modified (3ms)


Started GET "/assets/bootstrap-affix.js?body=1" for 127.0.0.1 at 2012-10-25 21:11:56 -0500
Served asset /bootstrap-affix.js - 304 Not Modified (6ms)


Started GET "/assets/rails_admin/ra.filtering-select.js?body=1" for 127.0.0.1 at 2012-10-25 21:11:56 -0500
Served asset /rails_admin/ra.filtering-select.js - 304 Not Modified (3ms)


Started GET "/assets/jquery_nested_form.js?body=1" for 127.0.0.1 at 2012-10-25 21:11:56 -0500
Served asset /jquery_nested_form.js - 304 Not Modified (3ms)


Started GET "/assets/rails_admin/ra.nested-form-hooks.js?body=1" for 127.0.0.1 at 2012-10-25 21:11:57 -0500
Served asset /rails_admin/ra.nested-form-hooks.js - 304 Not Modified (13ms)


Started GET "/assets/bootstrap-transition.js?body=1" for 127.0.0.1 at 2012-10-25 21:11:57 -0500
Served asset /bootstrap-transition.js - 304 Not Modified (7ms)


Started GET "/assets/bootstrap-alert.js?body=1" for 127.0.0.1 at 2012-10-25 21:11:57 -0500
Served asset /bootstrap-alert.js - 304 Not Modified (5ms)


Started GET "/assets/bootstrap-button.js?body=1" for 127.0.0.1 at 2012-10-25 21:11:57 -0500
Served asset /bootstrap-button.js - 304 Not Modified (5ms)


Started GET "/assets/bootstrap-collapse.js?body=1" for 127.0.0.1 at 2012-10-25 21:11:57 -0500
Served asset /bootstrap-collapse.js - 304 Not Modified (5ms)


Started GET "/assets/bootstrap-carousel.js?body=1" for 127.0.0.1 at 2012-10-25 21:11:57 -0500
Served asset /bootstrap-carousel.js - 304 Not Modified (10ms)


Started GET "/assets/bootstrap-dropdown.js?body=1" for 127.0.0.1 at 2012-10-25 21:11:57 -0500
Served asset /bootstrap-dropdown.js - 304 Not Modified (4ms)


Started GET "/assets/bootstrap-modal.js?body=1" for 127.0.0.1 at 2012-10-25 21:11:57 -0500
Served asset /bootstrap-modal.js - 304 Not Modified (4ms)


Started GET "/assets/bootstrap-scrollspy.js?body=1" for 127.0.0.1 at 2012-10-25 21:11:57 -0500
Served asset /bootstrap-scrollspy.js - 304 Not Modified (5ms)


Started GET "/assets/bootstrap-tab.js?body=1" for 127.0.0.1 at 2012-10-25 21:11:57 -0500
Served asset /bootstrap-tab.js - 304 Not Modified (4ms)


Started GET "/assets/bootstrap-tooltip.js?body=1" for 127.0.0.1 at 2012-10-25 21:11:57 -0500
Served asset /bootstrap-tooltip.js - 304 Not Modified (5ms)


Started GET "/assets/bootstrap-typeahead.js?body=1" for 127.0.0.1 at 2012-10-25 21:11:57 -0500
Served asset /bootstrap-typeahead.js - 304 Not Modified (4ms)


Started GET "/assets/bootstrap.js?body=1" for 127.0.0.1 at 2012-10-25 21:11:57 -0500
Served asset /bootstrap.js - 304 Not Modified (20ms)


Started GET "/assets/rails_admin/ra.widgets.js?body=1" for 127.0.0.1 at 2012-10-25 21:11:57 -0500
Served asset /rails_admin/ra.widgets.js - 304 Not Modified (8ms)


Started GET "/assets/bootstrap-popover.js?body=1" for 127.0.0.1 at 2012-10-25 21:11:57 -0500
Served asset /bootstrap-popover.js - 304 Not Modified (4ms)


Started GET "/assets/rails_admin/ui.js?body=1" for 127.0.0.1 at 2012-10-25 21:11:57 -0500
Served asset /rails_admin/ui.js - 304 Not Modified (3ms)


Started GET "/assets/rails_admin/custom/ui.js?body=1" for 127.0.0.1 at 2012-10-25 21:11:57 -0500
Served asset /rails_admin/custom/ui.js - 304 Not Modified (4ms)


Started GET "/assets/rails_admin/themes/default/ui.js?body=1" for 127.0.0.1 at 2012-10-25 21:11:57 -0500
Served asset /rails_admin/themes/default/ui.js - 304 Not Modified (5ms)


Started GET "/assets/rails_admin/rails_admin.js?body=1" for 127.0.0.1 at 2012-10-25 21:11:57 -0500
Served asset /rails_admin/rails_admin.js - 304 Not Modified (48ms)


Started GET "/assets/fontawesome-webfont.woff" for 127.0.0.1 at 2012-10-25 21:11:57 -0500
Served asset /fontawesome-webfont.woff - 304 Not Modified (11ms)


Started GET "/admin/ckeditor~attachment_file" for 127.0.0.1 at 2012-10-25 21:12:00 -0500
Processing by RailsAdmin::MainController#index as HTML
  Parameters: {"model_name"=>"ckeditor~attachment_file"}
  [1m[35mUser Load (0.4ms)[0m  SELECT "users".* FROM "users" WHERE "users"."id" = 1 LIMIT 1
  [1m[36mCkeditor::AttachmentFile Load (0.3ms)[0m  [1mSELECT "ckeditor_assets".* FROM "ckeditor_assets" WHERE "ckeditor_assets"."type" IN ('Ckeditor::AttachmentFile') ORDER BY ckeditor_assets.id desc LIMIT 20 OFFSET 0[0m
  [1m[35m (0.1ms)[0m  SELECT COUNT(*) FROM "ckeditor_assets" WHERE "ckeditor_assets"."type" IN ('Ckeditor::AttachmentFile')
  Rendered /Users/rollinsb/.rvm/gems/ruby-1.9.3-p194/gems/rails_admin-0.1.2/app/views/rails_admin/main/index.html.haml within layouts/rails_admin/application (22.5ms)
  Rendered /Users/rollinsb/.rvm/gems/ruby-1.9.3-p194/gems/rails_admin-0.1.2/app/views/layouts/rails_admin/_secondary_navigation.html.haml (2.7ms)
  Rendered /Users/rollinsb/.rvm/gems/ruby-1.9.3-p194/gems/rails_admin-0.1.2/app/views/layouts/rails_admin/pjax.html.haml (9.9ms)
Completed 200 OK in 167ms (Views: 72.4ms | ActiveRecord: 1.2ms)


Started GET "/assets/rails_admin/imports.css?body=1" for 127.0.0.1 at 2012-10-25 21:12:00 -0500
Served asset /rails_admin/imports.css - 304 Not Modified (2ms)


Started GET "/assets/jquery.iframe-transport.js?body=1" for 127.0.0.1 at 2012-10-25 21:12:00 -0500
Served asset /jquery.iframe-transport.js - 304 Not Modified (0ms)


Started GET "/assets/rails_admin/rails_admin.css?body=1" for 127.0.0.1 at 2012-10-25 21:12:00 -0500
Served asset /rails_admin/rails_admin.css - 304 Not Modified (3ms)


Started GET "/assets/jquery.js?body=1" for 127.0.0.1 at 2012-10-25 21:12:00 -0500
Served asset /jquery.js - 304 Not Modified (0ms)


Started GET "/assets/jquery_ujs.js?body=1" for 127.0.0.1 at 2012-10-25 21:12:00 -0500
Served asset /jquery_ujs.js - 304 Not Modified (0ms)


Started GET "/assets/jquery.remotipart.js?body=1" for 127.0.0.1 at 2012-10-25 21:12:00 -0500
Served asset /jquery.remotipart.js - 304 Not Modified (0ms)


Started GET "/assets/jquery.effects.core.js?body=1" for 127.0.0.1 at 2012-10-25 21:12:00 -0500
Served asset /jquery.effects.core.js - 304 Not Modified (0ms)


Started GET "/assets/jquery.ui.core.js?body=1" for 127.0.0.1 at 2012-10-25 21:12:00 -0500
Served asset /jquery.ui.core.js - 304 Not Modified (0ms)


Started GET "/assets/jquery.ui.sortable.js?body=1" for 127.0.0.1 at 2012-10-25 21:12:00 -0500
Served asset /jquery.ui.sortable.js - 304 Not Modified (0ms)


Started GET "/assets/jquery.ui.widget.js?body=1" for 127.0.0.1 at 2012-10-25 21:12:00 -0500
Served asset /jquery.ui.widget.js - 304 Not Modified (0ms)


Started GET "/assets/jquery.ui.mouse.js?body=1" for 127.0.0.1 at 2012-10-25 21:12:00 -0500
Served asset /jquery.ui.mouse.js - 304 Not Modified (0ms)


Started GET "/assets/jquery.ui.position.js?body=1" for 127.0.0.1 at 2012-10-25 21:12:00 -0500
Served asset /jquery.ui.position.js - 304 Not Modified (0ms)


Started GET "/assets/jquery.ui.autocomplete.js?body=1" for 127.0.0.1 at 2012-10-25 21:12:00 -0500
Served asset /jquery.ui.autocomplete.js - 304 Not Modified (0ms)


Started GET "/assets/jquery.ui.datepicker.js?body=1" for 127.0.0.1 at 2012-10-25 21:12:00 -0500
Served asset /jquery.ui.datepicker.js - 304 Not Modified (0ms)


Started GET "/assets/rails_admin/jquery.colorpicker.js?body=1" for 127.0.0.1 at 2012-10-25 21:12:00 -0500
Served asset /rails_admin/jquery.colorpicker.js - 304 Not Modified (0ms)


Started GET "/assets/rails_admin/jquery.ui.timepicker.js?body=1" for 127.0.0.1 at 2012-10-25 21:12:00 -0500
Served asset /rails_admin/jquery.ui.timepicker.js - 304 Not Modified (0ms)


Started GET "/assets/rails_admin/ra.datetimepicker.js?body=1" for 127.0.0.1 at 2012-10-25 21:12:00 -0500
Served asset /rails_admin/ra.datetimepicker.js - 304 Not Modified (0ms)


Started GET "/assets/rails_admin/ra.filter-box.js?body=1" for 127.0.0.1 at 2012-10-25 21:12:00 -0500
Served asset /rails_admin/ra.filter-box.js - 304 Not Modified (0ms)


Started GET "/assets/rails_admin/ra.filtering-multiselect.js?body=1" for 127.0.0.1 at 2012-10-25 21:12:00 -0500
Served asset /rails_admin/ra.filtering-multiselect.js - 304 Not Modified (0ms)


Started GET "/assets/jquery_nested_form.js?body=1" for 127.0.0.1 at 2012-10-25 21:12:01 -0500
Served asset /jquery_nested_form.js - 304 Not Modified (0ms)


Started GET "/assets/rails_admin/jquery.pjax.js?body=1" for 127.0.0.1 at 2012-10-25 21:12:01 -0500
Served asset /rails_admin/jquery.pjax.js - 304 Not Modified (0ms)


Started GET "/assets/rails_admin/ra.filtering-select.js?body=1" for 127.0.0.1 at 2012-10-25 21:12:01 -0500
Served asset /rails_admin/ra.filtering-select.js - 304 Not Modified (0ms)


Started GET "/assets/rails_admin/ra.remote-form.js?body=1" for 127.0.0.1 at 2012-10-25 21:12:01 -0500
Served asset /rails_admin/ra.remote-form.js - 304 Not Modified (0ms)


Started GET "/assets/bootstrap-transition.js?body=1" for 127.0.0.1 at 2012-10-25 21:12:01 -0500
Served asset /bootstrap-transition.js - 304 Not Modified (0ms)


Started GET "/assets/rails_admin/ra.nested-form-hooks.js?body=1" for 127.0.0.1 at 2012-10-25 21:12:01 -0500
Served asset /rails_admin/ra.nested-form-hooks.js - 304 Not Modified (0ms)


Started GET "/assets/bootstrap-carousel.js?body=1" for 127.0.0.1 at 2012-10-25 21:12:01 -0500
Served asset /bootstrap-carousel.js - 304 Not Modified (0ms)


Started GET "/assets/bootstrap-alert.js?body=1" for 127.0.0.1 at 2012-10-25 21:12:01 -0500
Served asset /bootstrap-alert.js - 304 Not Modified (0ms)


Started GET "/assets/bootstrap-affix.js?body=1" for 127.0.0.1 at 2012-10-25 21:12:01 -0500
Served asset /bootstrap-affix.js - 304 Not Modified (0ms)


Started GET "/assets/bootstrap-button.js?body=1" for 127.0.0.1 at 2012-10-25 21:12:01 -0500
Served asset /bootstrap-button.js - 304 Not Modified (0ms)


Started GET "/assets/bootstrap-dropdown.js?body=1" for 127.0.0.1 at 2012-10-25 21:12:01 -0500
Served asset /bootstrap-dropdown.js - 304 Not Modified (0ms)


Started GET "/assets/bootstrap-collapse.js?body=1" for 127.0.0.1 at 2012-10-25 21:12:01 -0500
Served asset /bootstrap-collapse.js - 304 Not Modified (0ms)


Started GET "/assets/bootstrap-modal.js?body=1" for 127.0.0.1 at 2012-10-25 21:12:01 -0500
Served asset /bootstrap-modal.js - 304 Not Modified (0ms)


Started GET "/assets/bootstrap-scrollspy.js?body=1" for 127.0.0.1 at 2012-10-25 21:12:01 -0500
Served asset /bootstrap-scrollspy.js - 304 Not Modified (0ms)


Started GET "/assets/bootstrap-tab.js?body=1" for 127.0.0.1 at 2012-10-25 21:12:01 -0500
Served asset /bootstrap-tab.js - 304 Not Modified (0ms)


Started GET "/assets/bootstrap-popover.js?body=1" for 127.0.0.1 at 2012-10-25 21:12:01 -0500
Served asset /bootstrap-popover.js - 304 Not Modified (0ms)


Started GET "/assets/bootstrap-tooltip.js?body=1" for 127.0.0.1 at 2012-10-25 21:12:01 -0500
Served asset /bootstrap-tooltip.js - 304 Not Modified (0ms)


Started GET "/assets/bootstrap.js?body=1" for 127.0.0.1 at 2012-10-25 21:12:01 -0500
Served asset /bootstrap.js - 304 Not Modified (0ms)


Started GET "/assets/bootstrap-typeahead.js?body=1" for 127.0.0.1 at 2012-10-25 21:12:01 -0500
Served asset /bootstrap-typeahead.js - 304 Not Modified (0ms)


Started GET "/assets/rails_admin/ui.js?body=1" for 127.0.0.1 at 2012-10-25 21:12:01 -0500
Served asset /rails_admin/ui.js - 304 Not Modified (0ms)


Started GET "/assets/rails_admin/ra.widgets.js?body=1" for 127.0.0.1 at 2012-10-25 21:12:01 -0500
Served asset /rails_admin/ra.widgets.js - 304 Not Modified (0ms)


Started GET "/assets/rails_admin/themes/default/ui.js?body=1" for 127.0.0.1 at 2012-10-25 21:12:01 -0500
Served asset /rails_admin/themes/default/ui.js - 304 Not Modified (0ms)


Started GET "/assets/rails_admin/custom/ui.js?body=1" for 127.0.0.1 at 2012-10-25 21:12:01 -0500
Served asset /rails_admin/custom/ui.js - 304 Not Modified (0ms)


Started GET "/assets/rails_admin/rails_admin.js?body=1" for 127.0.0.1 at 2012-10-25 21:12:01 -0500
Served asset /rails_admin/rails_admin.js - 304 Not Modified (2ms)


Started GET "/assets/fontawesome-webfont.woff" for 127.0.0.1 at 2012-10-25 21:12:01 -0500
Served asset /fontawesome-webfont.woff - 304 Not Modified (0ms)


Started GET "/admin/ckeditor~attachment_file/new?_pjax=%5Bdata-pjax-container%5D" for 127.0.0.1 at 2012-10-25 21:12:10 -0500
Processing by RailsAdmin::MainController#new as HTML
  Parameters: {"_pjax"=>"[data-pjax-container]", "model_name"=>"ckeditor~attachment_file"}
  [1m[36mUser Load (0.3ms)[0m  [1mSELECT "users".* FROM "users" WHERE "users"."id" = 1 LIMIT 1[0m
  Rendered /Users/rollinsb/.rvm/gems/ruby-1.9.3-p194/gems/rails_admin-0.1.2/app/views/rails_admin/main/_form_file_upload.html.haml (3.7ms)


[RailsAdmin] Please add 'attr_accessible :type' in your 'Ckeditor::AttachmentFile' model definition if you want to make it editable.
You can also explicitely mark this field as read-only: 

config.model Ckeditor::AttachmentFile do
  field :type do
    read_only true
  end
end

Add 'config.yell_for_non_accessible_fields = false' in your 'rails_admin.rb' initializer if you do not want to see these warnings




[RailsAdmin] Please add 'attr_accessible :width' in your 'Ckeditor::AttachmentFile' model definition if you want to make it editable.
You can also explicitely mark this field as read-only: 

config.model Ckeditor::AttachmentFile do
  field :width do
    read_only true
  end
end

Add 'config.yell_for_non_accessible_fields = false' in your 'rails_admin.rb' initializer if you do not want to see these warnings




[RailsAdmin] Please add 'attr_accessible :height' in your 'Ckeditor::AttachmentFile' model definition if you want to make it editable.
You can also explicitely mark this field as read-only: 

config.model Ckeditor::AttachmentFile do
  field :height do
    read_only true
  end
end

Add 'config.yell_for_non_accessible_fields = false' in your 'rails_admin.rb' initializer if you do not want to see these warnings


  Rendered /Users/rollinsb/.rvm/gems/ruby-1.9.3-p194/gems/rails_admin-0.1.2/app/views/rails_admin/main/_submit_buttons.html.haml (4.9ms)
  Rendered /Users/rollinsb/.rvm/gems/ruby-1.9.3-p194/gems/rails_admin-0.1.2/app/views/rails_admin/main/new.html.haml within layouts/rails_admin/pjax (26.4ms)
Completed 200 OK in 47ms (Views: 40.2ms | ActiveRecord: 0.3ms)


Started GET "/assets/fontawesome-webfont.woff" for 127.0.0.1 at 2012-10-25 21:12:10 -0500
Served asset /fontawesome-webfont.woff - 304 Not Modified (0ms)


Started GET "/admin/ckeditor~asset?_pjax=%5Bdata-pjax-container%5D" for 127.0.0.1 at 2012-10-25 21:12:45 -0500
Processing by RailsAdmin::MainController#index as HTML
  Parameters: {"_pjax"=>"[data-pjax-container]", "model_name"=>"ckeditor~asset"}
  [1m[35mUser Load (0.3ms)[0m  SELECT "users".* FROM "users" WHERE "users"."id" = 1 LIMIT 1
  [1m[36mCkeditor::Asset Load (0.2ms)[0m  [1mSELECT "ckeditor_assets".* FROM "ckeditor_assets" ORDER BY ckeditor_assets.id desc LIMIT 20 OFFSET 0[0m
  [1m[35m (0.1ms)[0m  SELECT COUNT(*) FROM "ckeditor_assets" 
  Rendered /Users/rollinsb/.rvm/gems/ruby-1.9.3-p194/gems/rails_admin-0.1.2/app/views/rails_admin/main/index.html.haml within layouts/rails_admin/pjax (20.4ms)
Completed 200 OK in 39ms (Views: 30.7ms | ActiveRecord: 0.6ms)


Started GET "/assets/fontawesome-webfont.woff" for 127.0.0.1 at 2012-10-25 21:12:45 -0500
Served asset /fontawesome-webfont.woff - 304 Not Modified (0ms)


Started GET "/admin/ckeditor~picture" for 127.0.0.1 at 2012-10-25 21:12:48 -0500
Processing by RailsAdmin::MainController#index as HTML
  Parameters: {"model_name"=>"ckeditor~picture"}
  [1m[36mUser Load (0.2ms)[0m  [1mSELECT "users".* FROM "users" WHERE "users"."id" = 1 LIMIT 1[0m
  [1m[35mCkeditor::Picture Load (0.2ms)[0m  SELECT "ckeditor_assets".* FROM "ckeditor_assets" WHERE "ckeditor_assets"."type" IN ('Ckeditor::Picture') ORDER BY ckeditor_assets.id desc LIMIT 20 OFFSET 0
  [1m[36m (0.2ms)[0m  [1mSELECT COUNT(*) FROM "ckeditor_assets" WHERE "ckeditor_assets"."type" IN ('Ckeditor::Picture')[0m
  Rendered /Users/rollinsb/.rvm/gems/ruby-1.9.3-p194/gems/rails_admin-0.1.2/app/views/rails_admin/main/index.html.haml within layouts/rails_admin/application (20.7ms)
  Rendered /Users/rollinsb/.rvm/gems/ruby-1.9.3-p194/gems/rails_admin-0.1.2/app/views/layouts/rails_admin/_secondary_navigation.html.haml (2.8ms)
  Rendered /Users/rollinsb/.rvm/gems/ruby-1.9.3-p194/gems/rails_admin-0.1.2/app/views/layouts/rails_admin/pjax.html.haml (8.7ms)
Completed 200 OK in 94ms (Views: 68.5ms | ActiveRecord: 0.6ms)


Started GET "/assets/rails_admin/rails_admin.css?body=1" for 127.0.0.1 at 2012-10-25 21:12:48 -0500
Served asset /rails_admin/rails_admin.css - 304 Not Modified (2ms)


Started GET "/assets/jquery_ujs.js?body=1" for 127.0.0.1 at 2012-10-25 21:12:48 -0500
Served asset /jquery_ujs.js - 304 Not Modified (0ms)


Started GET "/assets/jquery.js?body=1" for 127.0.0.1 at 2012-10-25 21:12:48 -0500
Served asset /jquery.js - 304 Not Modified (0ms)


Started GET "/assets/jquery.iframe-transport.js?body=1" for 127.0.0.1 at 2012-10-25 21:12:48 -0500
Served asset /jquery.iframe-transport.js - 304 Not Modified (0ms)


Started GET "/assets/jquery.remotipart.js?body=1" for 127.0.0.1 at 2012-10-25 21:12:48 -0500
Served asset /jquery.remotipart.js - 304 Not Modified (0ms)


Started GET "/assets/rails_admin/imports.css?body=1" for 127.0.0.1 at 2012-10-25 21:12:48 -0500
Served asset /rails_admin/imports.css - 304 Not Modified (2ms)


Started GET "/assets/jquery.ui.core.js?body=1" for 127.0.0.1 at 2012-10-25 21:12:48 -0500
Served asset /jquery.ui.core.js - 304 Not Modified (0ms)


Started GET "/assets/jquery.ui.widget.js?body=1" for 127.0.0.1 at 2012-10-25 21:12:48 -0500
Served asset /jquery.ui.widget.js - 304 Not Modified (0ms)


Started GET "/assets/jquery.effects.core.js?body=1" for 127.0.0.1 at 2012-10-25 21:12:48 -0500
Served asset /jquery.effects.core.js - 304 Not Modified (0ms)


Started GET "/assets/jquery.ui.mouse.js?body=1" for 127.0.0.1 at 2012-10-25 21:12:48 -0500
Served asset /jquery.ui.mouse.js - 304 Not Modified (0ms)


Started GET "/assets/jquery.ui.sortable.js?body=1" for 127.0.0.1 at 2012-10-25 21:12:48 -0500
Served asset /jquery.ui.sortable.js - 304 Not Modified (0ms)


Started GET "/assets/jquery.ui.position.js?body=1" for 127.0.0.1 at 2012-10-25 21:12:49 -0500
Served asset /jquery.ui.position.js - 304 Not Modified (0ms)


Started GET "/assets/rails_admin/ra.datetimepicker.js?body=1" for 127.0.0.1 at 2012-10-25 21:12:49 -0500
Served asset /rails_admin/ra.datetimepicker.js - 304 Not Modified (0ms)


Started GET "/assets/rails_admin/jquery.ui.timepicker.js?body=1" for 127.0.0.1 at 2012-10-25 21:12:49 -0500
Served asset /rails_admin/jquery.ui.timepicker.js - 304 Not Modified (0ms)


Started GET "/assets/jquery.ui.autocomplete.js?body=1" for 127.0.0.1 at 2012-10-25 21:12:49 -0500
Served asset /jquery.ui.autocomplete.js - 304 Not Modified (0ms)


Started GET "/assets/jquery.ui.datepicker.js?body=1" for 127.0.0.1 at 2012-10-25 21:12:49 -0500
Served asset /jquery.ui.datepicker.js - 304 Not Modified (0ms)


Started GET "/assets/rails_admin/ra.filtering-multiselect.js?body=1" for 127.0.0.1 at 2012-10-25 21:12:49 -0500
Served asset /rails_admin/ra.filtering-multiselect.js - 304 Not Modified (0ms)


Started GET "/assets/rails_admin/jquery.colorpicker.js?body=1" for 127.0.0.1 at 2012-10-25 21:12:49 -0500
Served asset /rails_admin/jquery.colorpicker.js - 304 Not Modified (0ms)


Started GET "/assets/rails_admin/ra.filter-box.js?body=1" for 127.0.0.1 at 2012-10-25 21:12:49 -0500
Served asset /rails_admin/ra.filter-box.js - 304 Not Modified (0ms)


Started GET "/assets/rails_admin/ra.remote-form.js?body=1" for 127.0.0.1 at 2012-10-25 21:12:49 -0500
Served asset /rails_admin/ra.remote-form.js - 304 Not Modified (0ms)


Started GET "/assets/rails_admin/ra.filtering-select.js?body=1" for 127.0.0.1 at 2012-10-25 21:12:49 -0500
Served asset /rails_admin/ra.filtering-select.js - 304 Not Modified (0ms)


Started GET "/assets/rails_admin/jquery.pjax.js?body=1" for 127.0.0.1 at 2012-10-25 21:12:49 -0500
Served asset /rails_admin/jquery.pjax.js - 304 Not Modified (0ms)


Started GET "/assets/jquery_nested_form.js?body=1" for 127.0.0.1 at 2012-10-25 21:12:49 -0500
Served asset /jquery_nested_form.js - 304 Not Modified (0ms)


Started GET "/assets/rails_admin/ra.nested-form-hooks.js?body=1" for 127.0.0.1 at 2012-10-25 21:12:49 -0500
Served asset /rails_admin/ra.nested-form-hooks.js - 304 Not Modified (0ms)


Started GET "/assets/bootstrap-transition.js?body=1" for 127.0.0.1 at 2012-10-25 21:12:49 -0500
Served asset /bootstrap-transition.js - 304 Not Modified (0ms)


Started GET "/assets/bootstrap-affix.js?body=1" for 127.0.0.1 at 2012-10-25 21:12:49 -0500
Served asset /bootstrap-affix.js - 304 Not Modified (0ms)


Started GET "/assets/bootstrap-dropdown.js?body=1" for 127.0.0.1 at 2012-10-25 21:12:49 -0500
Served asset /bootstrap-dropdown.js - 304 Not Modified (0ms)


Started GET "/assets/bootstrap-alert.js?body=1" for 127.0.0.1 at 2012-10-25 21:12:49 -0500
Served asset /bootstrap-alert.js - 304 Not Modified (0ms)


Started GET "/assets/bootstrap-carousel.js?body=1" for 127.0.0.1 at 2012-10-25 21:12:49 -0500
Served asset /bootstrap-carousel.js - 304 Not Modified (0ms)


Started GET "/assets/bootstrap-button.js?body=1" for 127.0.0.1 at 2012-10-25 21:12:49 -0500
Served asset /bootstrap-button.js - 304 Not Modified (0ms)


Started GET "/assets/bootstrap-collapse.js?body=1" for 127.0.0.1 at 2012-10-25 21:12:49 -0500
Served asset /bootstrap-collapse.js - 304 Not Modified (0ms)


Started GET "/assets/bootstrap-modal.js?body=1" for 127.0.0.1 at 2012-10-25 21:12:49 -0500
Served asset /bootstrap-modal.js - 304 Not Modified (0ms)


Started GET "/assets/bootstrap-tab.js?body=1" for 127.0.0.1 at 2012-10-25 21:12:49 -0500
Served asset /bootstrap-tab.js - 304 Not Modified (0ms)


Started GET "/assets/bootstrap-scrollspy.js?body=1" for 127.0.0.1 at 2012-10-25 21:12:49 -0500
Served asset /bootstrap-scrollspy.js - 304 Not Modified (0ms)


Started GET "/assets/bootstrap-popover.js?body=1" for 127.0.0.1 at 2012-10-25 21:12:49 -0500
Served asset /bootstrap-popover.js - 304 Not Modified (0ms)


Started GET "/assets/bootstrap-tooltip.js?body=1" for 127.0.0.1 at 2012-10-25 21:12:49 -0500
Served asset /bootstrap-tooltip.js - 304 Not Modified (0ms)


Started GET "/assets/bootstrap-typeahead.js?body=1" for 127.0.0.1 at 2012-10-25 21:12:49 -0500
Served asset /bootstrap-typeahead.js - 304 Not Modified (0ms)


Started GET "/assets/rails_admin/ui.js?body=1" for 127.0.0.1 at 2012-10-25 21:12:49 -0500
Served asset /rails_admin/ui.js - 304 Not Modified (0ms)


Started GET "/assets/bootstrap.js?body=1" for 127.0.0.1 at 2012-10-25 21:12:49 -0500
Served asset /bootstrap.js - 304 Not Modified (0ms)


Started GET "/assets/rails_admin/ra.widgets.js?body=1" for 127.0.0.1 at 2012-10-25 21:12:49 -0500
Served asset /rails_admin/ra.widgets.js - 304 Not Modified (0ms)


Started GET "/assets/rails_admin/rails_admin.js?body=1" for 127.0.0.1 at 2012-10-25 21:12:49 -0500
Served asset /rails_admin/rails_admin.js - 304 Not Modified (2ms)


Started GET "/assets/rails_admin/custom/ui.js?body=1" for 127.0.0.1 at 2012-10-25 21:12:49 -0500
Served asset /rails_admin/custom/ui.js - 304 Not Modified (0ms)


Started GET "/assets/rails_admin/themes/default/ui.js?body=1" for 127.0.0.1 at 2012-10-25 21:12:49 -0500
Served asset /rails_admin/themes/default/ui.js - 304 Not Modified (0ms)


Started GET "/assets/fontawesome-webfont.woff" for 127.0.0.1 at 2012-10-25 21:12:49 -0500
Served asset /fontawesome-webfont.woff - 304 Not Modified (5ms)


Started GET "/admin/ckeditor~picture/new?_pjax=%5Bdata-pjax-container%5D" for 127.0.0.1 at 2012-10-25 21:12:54 -0500
Processing by RailsAdmin::MainController#new as HTML
  Parameters: {"_pjax"=>"[data-pjax-container]", "model_name"=>"ckeditor~picture"}
  [1m[35mUser Load (0.2ms)[0m  SELECT "users".* FROM "users" WHERE "users"."id" = 1 LIMIT 1
  Rendered /Users/rollinsb/.rvm/gems/ruby-1.9.3-p194/gems/rails_admin-0.1.2/app/views/rails_admin/main/_form_file_upload.html.haml (0.8ms)


[RailsAdmin] Please add 'attr_accessible :type' in your 'Ckeditor::Picture' model definition if you want to make it editable.
You can also explicitely mark this field as read-only: 

config.model Ckeditor::Picture do
  field :type do
    read_only true
  end
end

Add 'config.yell_for_non_accessible_fields = false' in your 'rails_admin.rb' initializer if you do not want to see these warnings




[RailsAdmin] Please add 'attr_accessible :width' in your 'Ckeditor::Picture' model definition if you want to make it editable.
You can also explicitely mark this field as read-only: 

config.model Ckeditor::Picture do
  field :width do
    read_only true
  end
end

Add 'config.yell_for_non_accessible_fields = false' in your 'rails_admin.rb' initializer if you do not want to see these warnings




[RailsAdmin] Please add 'attr_accessible :height' in your 'Ckeditor::Picture' model definition if you want to make it editable.
You can also explicitely mark this field as read-only: 

config.model Ckeditor::Picture do
  field :height do
    read_only true
  end
end

Add 'config.yell_for_non_accessible_fields = false' in your 'rails_admin.rb' initializer if you do not want to see these warnings


  Rendered /Users/rollinsb/.rvm/gems/ruby-1.9.3-p194/gems/rails_admin-0.1.2/app/views/rails_admin/main/_submit_buttons.html.haml (1.2ms)
  Rendered /Users/rollinsb/.rvm/gems/ruby-1.9.3-p194/gems/rails_admin-0.1.2/app/views/rails_admin/main/new.html.haml within layouts/rails_admin/pjax (16.5ms)
Completed 200 OK in 37ms (Views: 30.1ms | ActiveRecord: 0.2ms)


Started GET "/assets/fontawesome-webfont.woff" for 127.0.0.1 at 2012-10-25 21:12:54 -0500
Served asset /fontawesome-webfont.woff - 304 Not Modified (0ms)
